Arguments: 
  C:\Program Files\nodejs\node.exe C:\Users\Usikhumbulele Mlonzi\AppData\Roaming\npm\node_modules\yarn\bin\yarn.js add expo-status-baryarn add expo-status-bar

PATH: 
  C:\WINDOWS\system32;C:\WINDOWS;C:\WINDOWS\System32\Wbem;C:\WINDOWS\System32\WindowsPowerShell\v1.0\;C:\WINDOWS\System32\OpenSSH\;C:\Program Files\nodejs\;C:\Program Files\Git\cmd;C:\Users\Usikhumbulele Mlonzi\AppData\Local\Microsoft\WindowsApps;;C:\Users\Usikhumbulele Mlonzi\AppData\Local\Programs\Microsoft VS Code\bin;C:\Users\Usikhumbulele Mlonzi\AppData\Roaming\npm

Yarn version: 
  1.22.19

Node version: 
  16.15.0

Platform: 
  win32 x64

Trace: 
  Error: https://registry.yarnpkg.com/expo-status-baryarn: Not found
      at Request.params.callback [as _callback] (C:\Users\Usikhumbulele Mlonzi\AppData\Roaming\npm\node_modules\yarn\lib\cli.js:66145:18)
      at Request.self.callback (C:\Users\Usikhumbulele Mlonzi\AppData\Roaming\npm\node_modules\yarn\lib\cli.js:140890:22)
      at Request.emit (node:events:527:28)
      at Request.<anonymous> (C:\Users\Usikhumbulele Mlonzi\AppData\Roaming\npm\node_modules\yarn\lib\cli.js:141862:10)
      at Request.emit (node:events:527:28)
      at IncomingMessage.<anonymous> (C:\Users\Usikhumbulele Mlonzi\AppData\Roaming\npm\node_modules\yarn\lib\cli.js:141784:12)
      at Object.onceWrapper (node:events:641:28)
      at IncomingMessage.emit (node:events:539:35)
      at endReadableNT (node:internal/streams/readable:1345:12)
      at processTicksAndRejections (node:internal/process/task_queues:83:21)

npm manifest: 
  {
    "name": "journal_diary",
    "version": "1.0.0",
    "main": "node_modules/expo/AppEntry.js",
    "scripts": {
      "start": "expo start",
      "android": "expo start --android",
      "ios": "expo start --ios",
      "web": "expo start --web",
      "eject": "expo eject"
    },
    "dependencies": {
      "@react-native-firebase/app": "^15.2.0",
      "@react-navigation/native": "^6.0.11",
      "@react-navigation/native-stack": "^6.7.0",
      "expo": "~45.0.0",
      "expo-firebase-recaptcha": "~2.2.0",
      "expo-status-bar": "~1.3.0",
      "firebase": "^9.9.1",
      "react": "^17.0.2",
      "react-dom": "17.0.2",
      "react-native": "0.68.2",
      "react-native-router-flux": "^4.3.1",
      "react-native-safe-area-context": "^4.2.4",
      "react-native-screens": "~3.11.1",
      "react-native-web": "0.17.7",
      "react-native-webview": "11.18.1"
    },
    "devDependencies": {
      "@babel/core": "^7.12.9"
    },
    "private": true
  }

yarn manifest: 
  No manifest

Lockfile: 
  No lockfile
